<?xml version="1.0" encoding="UTF-8"?>
<testsuite xmlns:xsi="http://www.w3.org/2001/XMLSchema-instance" xsi:noNamespaceSchemaLocation="https://maven.apache.org/surefire/maven-surefire-plugin/xsd/surefire-test-report.xsd" version="3.0.2" name="com.example.productservice.product_service.ProductServiceApplicationTests" time="36.35" tests="1" errors="0" skipped="0" failures="0">
  <properties>
[...]
</properties>
  <testcase name="shouldCreateProduct" classname="com.example.productservice.product_service.ProductServiceApplicationTests" time="1.821">
    <system-out><![CDATA[22:28:13.591 [main] INFO org.springframework.test.context.support.AnnotationConfigContextLoaderUtils -- Could not detect default configuration classes for test class [com.example.productservice.product_service.ProductServiceApplicationTests]: ProductServiceApplicationTests does not declare any static, non-private, non-final, nested classes annotated with @Configuration.
22:28:13.819 [main] INFO org.springframework.boot.test.context.SpringBootTestContextBootstrapper -- Found @SpringBootConfiguration com.example.productservice.product_service.ProductServiceApplication for test class com.example.productservice.product_service.ProductServiceApplicationTests
22:28:14.091 [main] INFO org.testcontainers.images.PullPolicy -- Image pull policy will be performed by: DefaultPullPolicy()
22:28:14.096 [main] INFO org.testcontainers.utility.ImageNameSubstitutor -- Image name substitution will be performed by: DefaultImageNameSubstitutor (composite of 'ConfigurationFileImageNameSubstitutor' and 'PrefixingImageNameSubstitutor')
22:28:14.215 [main] INFO org.testcontainers.DockerClientFactory -- Testcontainers version: 1.20.4
22:28:14.559 [main] INFO org.testcontainers.dockerclient.DockerClientProviderStrategy -- Loaded org.testcontainers.dockerclient.NpipeSocketClientProviderStrategy from ~/.testcontainers.properties, will try it first
22:28:15.078 [main] INFO org.testcontainers.dockerclient.DockerClientProviderStrategy -- Found Docker environment with local Npipe socket (npipe:////./pipe/docker_engine)
22:28:15.081 [main] INFO org.testcontainers.DockerClientFactory -- Docker host IP address is localhost
22:28:15.115 [main] INFO org.testcontainers.DockerClientFactory -- Connected to docker: 
  Server Version: 27.2.0
  API Version: 1.47
  Operating System: Docker Desktop
  Total Memory: 3856 MB
  Labels: 
    com.docker.desktop.address=npipe://\\.\pipe\docker_cli
22:28:15.185 [main] INFO tc.testcontainers/ryuk:0.11.0 -- Creating container for image: testcontainers/ryuk:0.11.0
22:28:15.441 [main] INFO org.testcontainers.utility.RegistryAuthLocator -- Credential helper/store (docker-credential-desktop) does not have credentials for https://index.docker.io/v1/
22:28:15.810 [main] INFO tc.testcontainers/ryuk:0.11.0 -- Container testcontainers/ryuk:0.11.0 is starting: 1253e6e619480d74a9af2b4c962c3287ba4377438872ac31cf8e8c1c6d8c2211
22:28:16.538 [main] INFO tc.testcontainers/ryuk:0.11.0 -- Container testcontainers/ryuk:0.11.0 started in PT1.3538981S
22:28:16.556 [main] INFO org.testcontainers.utility.RyukResourceReaper -- Ryuk started - will monitor and terminate Testcontainers containers on JVM exit
22:28:16.556 [main] INFO org.testcontainers.DockerClientFactory -- Checking the system...
22:28:16.559 [main] INFO org.testcontainers.DockerClientFactory -- ✔︎ Docker server version should be at least 1.6.0
22:28:16.565 [main] INFO tc.mysql:8.0.30 -- Creating container for image: mysql:8.0.30
22:28:16.915 [main] INFO tc.mysql:8.0.30 -- Container mysql:8.0.30 is starting: a5286dabff2a0dccb4371f0688dee9df47d3f73c535f4dfda3224c099c52adf9
22:28:17.425 [main] INFO tc.mysql:8.0.30 -- Waiting for database connection to become available at jdbc:mysql://localhost:62178/testdb using query 'SELECT 1'
22:28:37.918 [main] INFO tc.mysql:8.0.30 -- Container mysql:8.0.30 started in PT21.3532407S
22:28:37.919 [main] INFO tc.mysql:8.0.30 -- Container is started (JDBC URL: jdbc:mysql://localhost:62178/testdb)

  .   ____          _            __ _ _
 /\\ / ___'_ __ _ _(_)_ __  __ _ \ \ \ \
( ( )\___ | '_ | '_| | '_ \/ _` | \ \ \ \
 \\/  ___)| |_)| | | | | || (_| |  ) ) ) )
  '  |____| .__|_| |_|_| |_\__, | / / / /
 =========|_|==============|___/=/_/_/_/

 :: Spring Boot ::                (v3.4.0)

2024-12-10T22:28:38.606+05:30  INFO 14368 --- [product-service] [           main] c.e.p.p.ProductServiceApplicationTests   : Starting ProductServiceApplicationTests using Java 19.0.2 with PID 14368 (started by Vaibhav in G:\SpringBoot_Microservices_Projects\M1_MicroservicesProject\microservice_new\product-service)
2024-12-10T22:28:38.610+05:30  INFO 14368 --- [product-service] [           main] c.e.p.p.ProductServiceApplicationTests   : The following 1 profile is active: "test"
2024-12-10T22:28:39.975+05:30  INFO 14368 --- [product-service] [           main] .s.d.r.c.RepositoryConfigurationDelegate : Bootstrapping Spring Data JPA repositories in DEFAULT mode.
2024-12-10T22:28:40.095+05:30  INFO 14368 --- [product-service] [           main] .s.d.r.c.RepositoryConfigurationDelegate : Finished Spring Data repository scanning in 98 ms. Found 1 JPA repository interface.
2024-12-10T22:28:41.068+05:30  INFO 14368 --- [product-service] [           main] o.hibernate.jpa.internal.util.LogHelper  : HHH000204: Processing PersistenceUnitInfo [name: default]
2024-12-10T22:28:41.240+05:30  INFO 14368 --- [product-service] [           main] org.hibernate.Version                    : HHH000412: Hibernate ORM core version 6.6.2.Final
2024-12-10T22:28:41.311+05:30  INFO 14368 --- [product-service] [           main] o.h.c.internal.RegionFactoryInitiator    : HHH000026: Second-level cache disabled
2024-12-10T22:28:41.994+05:30  INFO 14368 --- [product-service] [           main] o.s.o.j.p.SpringPersistenceUnitInfo      : No LoadTimeWeaver setup: ignoring JPA class transformer
2024-12-10T22:28:42.059+05:30  INFO 14368 --- [product-service] [           main] com.zaxxer.hikari.HikariDataSource       : HikariPool-1 - Starting...
2024-12-10T22:28:42.419+05:30  INFO 14368 --- [product-service] [           main] com.zaxxer.hikari.pool.HikariPool        : HikariPool-1 - Added connection com.mysql.cj.jdbc.ConnectionImpl@4e26040f
2024-12-10T22:28:42.422+05:30  INFO 14368 --- [product-service] [           main] com.zaxxer.hikari.HikariDataSource       : HikariPool-1 - Start completed.
2024-12-10T22:28:42.491+05:30  WARN 14368 --- [product-service] [           main] org.hibernate.orm.deprecation            : HHH90000025: MySQL8Dialect does not need to be specified explicitly using 'hibernate.dialect' (remove the property setting and it will be selected by default)
2024-12-10T22:28:42.494+05:30  WARN 14368 --- [product-service] [           main] org.hibernate.orm.deprecation            : HHH90000026: MySQL8Dialect has been deprecated; use org.hibernate.dialect.MySQLDialect instead
2024-12-10T22:28:42.556+05:30  INFO 14368 --- [product-service] [           main] org.hibernate.orm.connections.pooling    : HHH10001005: Database info:
	Database JDBC URL [Connecting through datasource 'HikariDataSource (HikariPool-1)']
	Database driver: undefined/unknown
	Database version: 8.0
	Autocommit mode: undefined/unknown
	Isolation level: undefined/unknown
	Minimum pool size: undefined/unknown
	Maximum pool size: undefined/unknown
2024-12-10T22:28:44.354+05:30  INFO 14368 --- [product-service] [           main] o.h.e.t.j.p.i.JtaPlatformInitiator       : HHH000489: No JTA platform available (set 'hibernate.transaction.jta.platform' to enable JTA platform integration)
Hibernate: create table product (id integer not null auto_increment, description varchar(255), name varchar(255), price float(53) not null, primary key (id)) engine=InnoDB
2024-12-10T22:28:44.478+05:30  INFO 14368 --- [product-service] [           main] j.LocalContainerEntityManagerFactoryBean : Initialized JPA EntityManagerFactory for persistence unit 'default'
2024-12-10T22:28:45.369+05:30  WARN 14368 --- [product-service] [           main] JpaBaseConfiguration$JpaWebConfiguration : spring.jpa.open-in-view is enabled by default. Therefore, database queries may be performed during view rendering. Explicitly configure spring.jpa.open-in-view to disable this warning
2024-12-10T22:28:46.929+05:30  INFO 14368 --- [product-service] [           main] o.s.b.t.m.w.SpringBootMockServletContext : Initializing Spring TestDispatcherServlet ''
2024-12-10T22:28:46.933+05:30  INFO 14368 --- [product-service] [           main] o.s.t.web.servlet.TestDispatcherServlet  : Initializing Servlet ''
2024-12-10T22:28:46.940+05:30  INFO 14368 --- [product-service] [           main] o.s.t.web.servlet.TestDispatcherServlet  : Completed initialization in 2 ms
2024-12-10T22:28:47.016+05:30  INFO 14368 --- [product-service] [           main] c.e.p.p.ProductServiceApplicationTests   : Started ProductServiceApplicationTests in 9.017 seconds (process running for 34.747)
Hibernate: insert into product (description,name,price) values (?,?,?)
2024-12-10T22:28:48.591+05:30  INFO 14368 --- [product-service] [           main] c.e.p.p.service.ProductService           : Product Iphone 13 is saved
Hibernate: select p1_0.id,p1_0.description,p1_0.name,p1_0.price from product p1_0
]]></system-out>
  </testcase>
</testsuite>